
bitinit version Xilinx EDK 12.4 Build EDK_MS4.81d
Copyright (c) Xilinx Inc. 2002.

Parsing MHS File system.mhs...

Overriding IP level properties ...
INFO:EDK:1560 - IPNAME:mpmc INSTANCE:DDR_SDRAM -
   C:\Xilinx\12.4\ISE_DS\EDK\hw\XilinxProcessorIPLib\pcores\mpmc_v6_02_a\data\mp
   mc_v2_1_0.mpd line 143 - tcl is overriding PARAMETER C_BASEFAMILY value to
   spartan3e
INFO:EDK:1560 - IPNAME:mpmc INSTANCE:DDR_SDRAM -
   C:\Xilinx\12.4\ISE_DS\EDK\hw\XilinxProcessorIPLib\pcores\mpmc_v6_02_a\data\mp
   mc_v2_1_0.mpd line 148 - tcl is overriding PARAMETER C_SPEEDGRADE_INT value
   to 4
INFO:EDK:1560 - IPNAME:mpmc INSTANCE:DDR_SDRAM -
   C:\Xilinx\12.4\ISE_DS\EDK\hw\XilinxProcessorIPLib\pcores\mpmc_v6_02_a\data\mp
   mc_v2_1_0.mpd line 170 - tcl is overriding PARAMETER C_IODELAY_GRP value to
   DDR_SDRAM
INFO:EDK:1560 - IPNAME:mpmc INSTANCE:DDR_SDRAM -
   C:\Xilinx\12.4\ISE_DS\EDK\hw\XilinxProcessorIPLib\pcores\mpmc_v6_02_a\data\mp
   mc_v2_1_0.mpd line 203 - tcl is overriding PARAMETER C_USE_MIG_S3_PHY value
   to 1
INFO:EDK:1560 - IPNAME:mpmc INSTANCE:DDR_SDRAM -
   C:\Xilinx\12.4\ISE_DS\EDK\hw\XilinxProcessorIPLib\pcores\mpmc_v6_02_a\data\mp
   mc_v2_1_0.mpd line 254 - tcl is overriding PARAMETER C_MEM_PART_DATA_DEPTH
   value to 32
INFO:EDK:1560 - IPNAME:mpmc INSTANCE:DDR_SDRAM -
   C:\Xilinx\12.4\ISE_DS\EDK\hw\XilinxProcessorIPLib\pcores\mpmc_v6_02_a\data\mp
   mc_v2_1_0.mpd line 255 - tcl is overriding PARAMETER C_MEM_PART_DATA_WIDTH
   value to 16
INFO:EDK:1560 - IPNAME:mpmc INSTANCE:DDR_SDRAM -
   C:\Xilinx\12.4\ISE_DS\EDK\hw\XilinxProcessorIPLib\pcores\mpmc_v6_02_a\data\mp
   mc_v2_1_0.mpd line 258 - tcl is overriding PARAMETER C_MEM_PART_NUM_COL_BITS
   value to 10
INFO:EDK:1560 - IPNAME:mpmc INSTANCE:DDR_SDRAM -
   C:\Xilinx\12.4\ISE_DS\EDK\hw\XilinxProcessorIPLib\pcores\mpmc_v6_02_a\data\mp
   mc_v2_1_0.mpd line 259 - tcl is overriding PARAMETER C_MEM_PART_TRAS value to
   42000
INFO:EDK:1560 - IPNAME:mpmc INSTANCE:DDR_SDRAM -
   C:\Xilinx\12.4\ISE_DS\EDK\hw\XilinxProcessorIPLib\pcores\mpmc_v6_02_a\data\mp
   mc_v2_1_0.mpd line 260 - tcl is overriding PARAMETER C_MEM_PART_TRASMAX value
   to 70000000
INFO:EDK:1560 - IPNAME:mpmc INSTANCE:DDR_SDRAM -
   C:\Xilinx\12.4\ISE_DS\EDK\hw\XilinxProcessorIPLib\pcores\mpmc_v6_02_a\data\mp
   mc_v2_1_0.mpd line 261 - tcl is overriding PARAMETER C_MEM_PART_TRC value to
   60000
INFO:EDK:1560 - IPNAME:mpmc INSTANCE:DDR_SDRAM -
   C:\Xilinx\12.4\ISE_DS\EDK\hw\XilinxProcessorIPLib\pcores\mpmc_v6_02_a\data\mp
   mc_v2_1_0.mpd line 262 - tcl is overriding PARAMETER C_MEM_PART_TRCD value to
   15000
INFO:EDK:1560 - IPNAME:mpmc INSTANCE:DDR_SDRAM -
   C:\Xilinx\12.4\ISE_DS\EDK\hw\XilinxProcessorIPLib\pcores\mpmc_v6_02_a\data\mp
   mc_v2_1_0.mpd line 264 - tcl is overriding PARAMETER C_MEM_PART_TWR value to
   15000
INFO:EDK:1560 - IPNAME:mpmc INSTANCE:DDR_SDRAM -
   C:\Xilinx\12.4\ISE_DS\EDK\hw\XilinxProcessorIPLib\pcores\mpmc_v6_02_a\data\mp
   mc_v2_1_0.mpd line 265 - tcl is overriding PARAMETER C_MEM_PART_TRP value to
   15000
INFO:EDK:1560 - IPNAME:mpmc INSTANCE:DDR_SDRAM -
   C:\Xilinx\12.4\ISE_DS\EDK\hw\XilinxProcessorIPLib\pcores\mpmc_v6_02_a\data\mp
   mc_v2_1_0.mpd line 266 - tcl is overriding PARAMETER C_MEM_PART_TMRD value to
   2
INFO:EDK:1560 - IPNAME:mpmc INSTANCE:DDR_SDRAM -
   C:\Xilinx\12.4\ISE_DS\EDK\hw\XilinxProcessorIPLib\pcores\mpmc_v6_02_a\data\mp
   mc_v2_1_0.mpd line 267 - tcl is overriding PARAMETER C_MEM_PART_TRRD value to
   12000
INFO:EDK:1560 - IPNAME:mpmc INSTANCE:DDR_SDRAM -
   C:\Xilinx\12.4\ISE_DS\EDK\hw\XilinxProcessorIPLib\pcores\mpmc_v6_02_a\data\mp
   mc_v2_1_0.mpd line 268 - tcl is overriding PARAMETER C_MEM_PART_TRFC value to
   72000
INFO:EDK:1560 - IPNAME:mpmc INSTANCE:DDR_SDRAM -
   C:\Xilinx\12.4\ISE_DS\EDK\hw\XilinxProcessorIPLib\pcores\mpmc_v6_02_a\data\mp
   mc_v2_1_0.mpd line 269 - tcl is overriding PARAMETER C_MEM_PART_TREFI value
   to 7800000
INFO:EDK:1560 - IPNAME:mpmc INSTANCE:DDR_SDRAM -
   C:\Xilinx\12.4\ISE_DS\EDK\hw\XilinxProcessorIPLib\pcores\mpmc_v6_02_a\data\mp
   mc_v2_1_0.mpd line 278 - tcl is overriding PARAMETER C_MEM_PART_CAS_A_FMAX
   value to 133
INFO:EDK:1560 - IPNAME:mpmc INSTANCE:DDR_SDRAM -
   C:\Xilinx\12.4\ISE_DS\EDK\hw\XilinxProcessorIPLib\pcores\mpmc_v6_02_a\data\mp
   mc_v2_1_0.mpd line 279 - tcl is overriding PARAMETER C_MEM_PART_CAS_A value
   to 2
INFO:EDK:1560 - IPNAME:mpmc INSTANCE:DDR_SDRAM -
   C:\Xilinx\12.4\ISE_DS\EDK\hw\XilinxProcessorIPLib\pcores\mpmc_v6_02_a\data\mp
   mc_v2_1_0.mpd line 280 - tcl is overriding PARAMETER C_MEM_PART_CAS_B_FMAX
   value to 166
INFO:EDK:1560 - IPNAME:mpmc INSTANCE:DDR_SDRAM -
   C:\Xilinx\12.4\ISE_DS\EDK\hw\XilinxProcessorIPLib\pcores\mpmc_v6_02_a\data\mp
   mc_v2_1_0.mpd line 281 - tcl is overriding PARAMETER C_MEM_PART_CAS_B value
   to 2.5
INFO:EDK:1560 - IPNAME:mpmc INSTANCE:DDR_SDRAM -
   C:\Xilinx\12.4\ISE_DS\EDK\hw\XilinxProcessorIPLib\pcores\mpmc_v6_02_a\data\mp
   mc_v2_1_0.mpd line 300 - tcl is overriding PARAMETER C_MEM_DM_WIDTH value to
   2
INFO:EDK:1560 - IPNAME:mpmc INSTANCE:DDR_SDRAM -
   C:\Xilinx\12.4\ISE_DS\EDK\hw\XilinxProcessorIPLib\pcores\mpmc_v6_02_a\data\mp
   mc_v2_1_0.mpd line 301 - tcl is overriding PARAMETER C_MEM_DQS_WIDTH value to
   2

Computing clock values...

Performing IP level DRCs on properties...

Running DRC Tcl procedures for OPTION IPLEVEL_DRC_PROC...
Address Map for Processor microblaze_0
  (0000000000-0x00003fff) dlmb_cntlr	dlmb
  (0000000000-0x00003fff) ilmb_cntlr	ilmb
  (0x44000000-0x47ffffff) DDR_SDRAM	microblaze_0_DXCL
  (0x44000000-0x47ffffff) DDR_SDRAM	microblaze_0_IXCL
  (0x81400000-0x8140ffff) LEDs_8Bit	mb_plb
  (0x81420000-0x8142ffff) DIP_Switches_4Bit	mb_plb
  (0x81440000-0x8144ffff) Buttons_3Bit	mb_plb
  (0x84000000-0x8400ffff) RS232_DTE	mb_plb
  (0x84020000-0x8402ffff) RS232_DCE	mb_plb
  (0x84400000-0x8440ffff) mdm_0	mb_plb
INFO:EDK:1560 - IPNAME:plb_v46 INSTANCE:mb_plb -
   C:\Xilinx\12.4\ISE_DS\EDK\hw\XilinxProcessorIPLib\pcores\plb_v46_v1_05_a\data
   \plb_v46_v2_1_0.mpd line 69 - tool is overriding PARAMETER
   C_PLBV46_NUM_MASTERS value to 2
INFO:EDK:1560 - IPNAME:plb_v46 INSTANCE:mb_plb -
   C:\Xilinx\12.4\ISE_DS\EDK\hw\XilinxProcessorIPLib\pcores\plb_v46_v1_05_a\data
   \plb_v46_v2_1_0.mpd line 70 - tool is overriding PARAMETER
   C_PLBV46_NUM_SLAVES value to 6
INFO:EDK:1560 - IPNAME:plb_v46 INSTANCE:mb_plb -
   C:\Xilinx\12.4\ISE_DS\EDK\hw\XilinxProcessorIPLib\pcores\plb_v46_v1_05_a\data
   \plb_v46_v2_1_0.mpd line 71 - tool is overriding PARAMETER C_PLBV46_MID_WIDTH
   value to 1
INFO:EDK:1560 - IPNAME:plb_v46 INSTANCE:mb_plb -
   C:\Xilinx\12.4\ISE_DS\EDK\hw\XilinxProcessorIPLib\pcores\plb_v46_v1_05_a\data
   \plb_v46_v2_1_0.mpd line 73 - tool is overriding PARAMETER C_PLBV46_DWIDTH
   value to 32
INFO:EDK:1560 - IPNAME:lmb_v10 INSTANCE:ilmb -
   C:\Xilinx\12.4\ISE_DS\EDK\hw\XilinxProcessorIPLib\pcores\lmb_v10_v1_00_a\data
   \lmb_v10_v2_1_0.mpd line 70 - tool is overriding PARAMETER C_LMB_NUM_SLAVES
   value to 1
INFO:EDK:1560 - IPNAME:lmb_v10 INSTANCE:dlmb -
   C:\Xilinx\12.4\ISE_DS\EDK\hw\XilinxProcessorIPLib\pcores\lmb_v10_v1_00_a\data
   \lmb_v10_v2_1_0.mpd line 70 - tool is overriding PARAMETER C_LMB_NUM_SLAVES
   value to 1
INFO:EDK:1560 - IPNAME:bram_block INSTANCE:lmb_bram -
   C:\Xilinx\12.4\ISE_DS\EDK\hw\XilinxProcessorIPLib\pcores\bram_block_v1_00_a\d
   ata\bram_block_v2_1_0.mpd line 67 - tool is overriding PARAMETER C_MEMSIZE
   value to 0x4000
INFO:EDK:1560 - IPNAME:xps_uartlite INSTANCE:RS232_DTE -
   C:\Xilinx\12.4\ISE_DS\EDK\hw\XilinxProcessorIPLib\pcores\xps_uartlite_v1_01_a
   \data\xps_uartlite_v2_1_0.mpd line 74 - tool is overriding PARAMETER
   C_SPLB_NUM_MASTERS value to 2
INFO:EDK:1560 - IPNAME:xps_uartlite INSTANCE:RS232_DCE -
   C:\Xilinx\12.4\ISE_DS\EDK\hw\XilinxProcessorIPLib\pcores\xps_uartlite_v1_01_a
   \data\xps_uartlite_v2_1_0.mpd line 74 - tool is overriding PARAMETER
   C_SPLB_NUM_MASTERS value to 2
INFO:EDK:1560 - IPNAME:xps_gpio INSTANCE:LEDs_8Bit -
   C:\Xilinx\12.4\ISE_DS\EDK\hw\XilinxProcessorIPLib\pcores\xps_gpio_v2_00_a\dat
   a\xps_gpio_v2_1_0.mpd line 72 - tool is overriding PARAMETER
   C_SPLB_NUM_MASTERS value to 2
INFO:EDK:1560 - IPNAME:xps_gpio INSTANCE:DIP_Switches_4Bit -
   C:\Xilinx\12.4\ISE_DS\EDK\hw\XilinxProcessorIPLib\pcores\xps_gpio_v2_00_a\dat
   a\xps_gpio_v2_1_0.mpd line 72 - tool is overriding PARAMETER
   C_SPLB_NUM_MASTERS value to 2
INFO:EDK:1560 - IPNAME:xps_gpio INSTANCE:Buttons_3Bit -
   C:\Xilinx\12.4\ISE_DS\EDK\hw\XilinxProcessorIPLib\pcores\xps_gpio_v2_00_a\dat
   a\xps_gpio_v2_1_0.mpd line 72 - tool is overriding PARAMETER
   C_SPLB_NUM_MASTERS value to 2
INFO:EDK:1560 - IPNAME:mdm INSTANCE:mdm_0 -
   C:\Xilinx\12.4\ISE_DS\EDK\hw\XilinxProcessorIPLib\pcores\mdm_v2_00_a\data\mdm
   _v2_1_0.mpd line 83 - tool is overriding PARAMETER C_SPLB_MID_WIDTH value to
   1
INFO:EDK:1560 - IPNAME:mdm INSTANCE:mdm_0 -
   C:\Xilinx\12.4\ISE_DS\EDK\hw\XilinxProcessorIPLib\pcores\mdm_v2_00_a\data\mdm
   _v2_1_0.mpd line 84 - tool is overriding PARAMETER C_SPLB_NUM_MASTERS value
   to 2

Checking platform address map ...

Initializing Memory...
Running Data2Mem with the following command:
data2mem -bm "implementation/system_bd" -p xc3s1600efg320-4 -bt
"implementation/system.bit"  -bd "TestApp_Memory_microblaze_0/executable.elf"
tag microblaze_0  -o b implementation/download.bit 
Memory Initialization completed successfully.

