Release 12.4 - platgen Xilinx EDK 12.4 Build EDK_MS4.81d
 (nt)
Copyright (c) 1995-2010 Xilinx, Inc.  All rights reserved.

Command Line: platgen -p xc3s1600efg320-4 -lang vhdl -msg
__xps/ise/xmsgprops.lst system.mhs 

Parse Z:/Trabajo/CUJAE/SPE/SPE-2023/examples/ex_1/system.mhs ...

Read MPD definitions ...

Overriding IP level properties ...
INFO:EDK:1560 - IPNAME:mpmc INSTANCE:DDR_SDRAM -
   C:\Xilinx\12.4\ISE_DS\EDK\hw\XilinxProcessorIPLib\pcores\mpmc_v6_02_a\data\mp
   mc_v2_1_0.mpd line 143 - tcl is overriding PARAMETER C_BASEFAMILY value to
   spartan3e
INFO:EDK:1560 - IPNAME:mpmc INSTANCE:DDR_SDRAM -
   C:\Xilinx\12.4\ISE_DS\EDK\hw\XilinxProcessorIPLib\pcores\mpmc_v6_02_a\data\mp
   mc_v2_1_0.mpd line 148 - tcl is overriding PARAMETER C_SPEEDGRADE_INT value
   to 4
INFO:EDK:1560 - IPNAME:mpmc INSTANCE:DDR_SDRAM -
   C:\Xilinx\12.4\ISE_DS\EDK\hw\XilinxProcessorIPLib\pcores\mpmc_v6_02_a\data\mp
   mc_v2_1_0.mpd line 170 - tcl is overriding PARAMETER C_IODELAY_GRP value to
   DDR_SDRAM
INFO:EDK:1560 - IPNAME:mpmc INSTANCE:DDR_SDRAM -
   C:\Xilinx\12.4\ISE_DS\EDK\hw\XilinxProcessorIPLib\pcores\mpmc_v6_02_a\data\mp
   mc_v2_1_0.mpd line 203 - tcl is overriding PARAMETER C_USE_MIG_S3_PHY value
   to 1
INFO:EDK:1560 - IPNAME:mpmc INSTANCE:DDR_SDRAM -
   C:\Xilinx\12.4\ISE_DS\EDK\hw\XilinxProcessorIPLib\pcores\mpmc_v6_02_a\data\mp
   mc_v2_1_0.mpd line 254 - tcl is overriding PARAMETER C_MEM_PART_DATA_DEPTH
   value to 32
INFO:EDK:1560 - IPNAME:mpmc INSTANCE:DDR_SDRAM -
   C:\Xilinx\12.4\ISE_DS\EDK\hw\XilinxProcessorIPLib\pcores\mpmc_v6_02_a\data\mp
   mc_v2_1_0.mpd line 255 - tcl is overriding PARAMETER C_MEM_PART_DATA_WIDTH
   value to 16
INFO:EDK:1560 - IPNAME:mpmc INSTANCE:DDR_SDRAM -
   C:\Xilinx\12.4\ISE_DS\EDK\hw\XilinxProcessorIPLib\pcores\mpmc_v6_02_a\data\mp
   mc_v2_1_0.mpd line 258 - tcl is overriding PARAMETER C_MEM_PART_NUM_COL_BITS
   value to 10
INFO:EDK:1560 - IPNAME:mpmc INSTANCE:DDR_SDRAM -
   C:\Xilinx\12.4\ISE_DS\EDK\hw\XilinxProcessorIPLib\pcores\mpmc_v6_02_a\data\mp
   mc_v2_1_0.mpd line 259 - tcl is overriding PARAMETER C_MEM_PART_TRAS value to
   42000
INFO:EDK:1560 - IPNAME:mpmc INSTANCE:DDR_SDRAM -
   C:\Xilinx\12.4\ISE_DS\EDK\hw\XilinxProcessorIPLib\pcores\mpmc_v6_02_a\data\mp
   mc_v2_1_0.mpd line 260 - tcl is overriding PARAMETER C_MEM_PART_TRASMAX value
   to 70000000
INFO:EDK:1560 - IPNAME:mpmc INSTANCE:DDR_SDRAM -
   C:\Xilinx\12.4\ISE_DS\EDK\hw\XilinxProcessorIPLib\pcores\mpmc_v6_02_a\data\mp
   mc_v2_1_0.mpd line 261 - tcl is overriding PARAMETER C_MEM_PART_TRC value to
   60000
INFO:EDK:1560 - IPNAME:mpmc INSTANCE:DDR_SDRAM -
   C:\Xilinx\12.4\ISE_DS\EDK\hw\XilinxProcessorIPLib\pcores\mpmc_v6_02_a\data\mp
   mc_v2_1_0.mpd line 262 - tcl is overriding PARAMETER C_MEM_PART_TRCD value to
   15000
INFO:EDK:1560 - IPNAME:mpmc INSTANCE:DDR_SDRAM -
   C:\Xilinx\12.4\ISE_DS\EDK\hw\XilinxProcessorIPLib\pcores\mpmc_v6_02_a\data\mp
   mc_v2_1_0.mpd line 264 - tcl is overriding PARAMETER C_MEM_PART_TWR value to
   15000
INFO:EDK:1560 - IPNAME:mpmc INSTANCE:DDR_SDRAM -
   C:\Xilinx\12.4\ISE_DS\EDK\hw\XilinxProcessorIPLib\pcores\mpmc_v6_02_a\data\mp
   mc_v2_1_0.mpd line 265 - tcl is overriding PARAMETER C_MEM_PART_TRP value to
   15000
INFO:EDK:1560 - IPNAME:mpmc INSTANCE:DDR_SDRAM -
   C:\Xilinx\12.4\ISE_DS\EDK\hw\XilinxProcessorIPLib\pcores\mpmc_v6_02_a\data\mp
   mc_v2_1_0.mpd line 266 - tcl is overriding PARAMETER C_MEM_PART_TMRD value to
   2
INFO:EDK:1560 - IPNAME:mpmc INSTANCE:DDR_SDRAM -
   C:\Xilinx\12.4\ISE_DS\EDK\hw\XilinxProcessorIPLib\pcores\mpmc_v6_02_a\data\mp
   mc_v2_1_0.mpd line 267 - tcl is overriding PARAMETER C_MEM_PART_TRRD value to
   12000
INFO:EDK:1560 - IPNAME:mpmc INSTANCE:DDR_SDRAM -
   C:\Xilinx\12.4\ISE_DS\EDK\hw\XilinxProcessorIPLib\pcores\mpmc_v6_02_a\data\mp
   mc_v2_1_0.mpd line 268 - tcl is overriding PARAMETER C_MEM_PART_TRFC value to
   72000
INFO:EDK:1560 - IPNAME:mpmc INSTANCE:DDR_SDRAM -
   C:\Xilinx\12.4\ISE_DS\EDK\hw\XilinxProcessorIPLib\pcores\mpmc_v6_02_a\data\mp
   mc_v2_1_0.mpd line 269 - tcl is overriding PARAMETER C_MEM_PART_TREFI value
   to 7800000
INFO:EDK:1560 - IPNAME:mpmc INSTANCE:DDR_SDRAM -
   C:\Xilinx\12.4\ISE_DS\EDK\hw\XilinxProcessorIPLib\pcores\mpmc_v6_02_a\data\mp
   mc_v2_1_0.mpd line 278 - tcl is overriding PARAMETER C_MEM_PART_CAS_A_FMAX
   value to 133
INFO:EDK:1560 - IPNAME:mpmc INSTANCE:DDR_SDRAM -
   C:\Xilinx\12.4\ISE_DS\EDK\hw\XilinxProcessorIPLib\pcores\mpmc_v6_02_a\data\mp
   mc_v2_1_0.mpd line 279 - tcl is overriding PARAMETER C_MEM_PART_CAS_A value
   to 2
INFO:EDK:1560 - IPNAME:mpmc INSTANCE:DDR_SDRAM -
   C:\Xilinx\12.4\ISE_DS\EDK\hw\XilinxProcessorIPLib\pcores\mpmc_v6_02_a\data\mp
   mc_v2_1_0.mpd line 280 - tcl is overriding PARAMETER C_MEM_PART_CAS_B_FMAX
   value to 166
INFO:EDK:1560 - IPNAME:mpmc INSTANCE:DDR_SDRAM -
   C:\Xilinx\12.4\ISE_DS\EDK\hw\XilinxProcessorIPLib\pcores\mpmc_v6_02_a\data\mp
   mc_v2_1_0.mpd line 281 - tcl is overriding PARAMETER C_MEM_PART_CAS_B value
   to 2.5
INFO:EDK:1560 - IPNAME:mpmc INSTANCE:DDR_SDRAM -
   C:\Xilinx\12.4\ISE_DS\EDK\hw\XilinxProcessorIPLib\pcores\mpmc_v6_02_a\data\mp
   mc_v2_1_0.mpd line 300 - tcl is overriding PARAMETER C_MEM_DM_WIDTH value to
   2
INFO:EDK:1560 - IPNAME:mpmc INSTANCE:DDR_SDRAM -
   C:\Xilinx\12.4\ISE_DS\EDK\hw\XilinxProcessorIPLib\pcores\mpmc_v6_02_a\data\mp
   mc_v2_1_0.mpd line 301 - tcl is overriding PARAMETER C_MEM_DQS_WIDTH value to
   2

Computing clock values...

Performing IP level DRCs on properties...

Running DRC Tcl procedures for OPTION IPLEVEL_DRC_PROC...
Address Map for Processor microblaze_0
  (0000000000-0x00003fff) dlmb_cntlr	dlmb
  (0000000000-0x00003fff) ilmb_cntlr	ilmb
  (0x44000000-0x47ffffff) DDR_SDRAM	microblaze_0_DXCL
  (0x44000000-0x47ffffff) DDR_SDRAM	microblaze_0_IXCL
  (0x81400000-0x8140ffff) LEDs_8Bit	mb_plb
  (0x81420000-0x8142ffff) DIP_Switches_4Bit	mb_plb
  (0x81440000-0x8144ffff) Buttons_3Bit	mb_plb
  (0x84000000-0x8400ffff) RS232_DTE	mb_plb
  (0x84020000-0x8402ffff) RS232_DCE	mb_plb
  (0x84400000-0x8440ffff) mdm_0	mb_plb
INFO:EDK:1560 - IPNAME:plb_v46 INSTANCE:mb_plb -
   C:\Xilinx\12.4\ISE_DS\EDK\hw\XilinxProcessorIPLib\pcores\plb_v46_v1_05_a\data
   \plb_v46_v2_1_0.mpd line 69 - tool is overriding PARAMETER
   C_PLBV46_NUM_MASTERS value to 2
INFO:EDK:1560 - IPNAME:plb_v46 INSTANCE:mb_plb -
   C:\Xilinx\12.4\ISE_DS\EDK\hw\XilinxProcessorIPLib\pcores\plb_v46_v1_05_a\data
   \plb_v46_v2_1_0.mpd line 70 - tool is overriding PARAMETER
   C_PLBV46_NUM_SLAVES value to 6
INFO:EDK:1560 - IPNAME:plb_v46 INSTANCE:mb_plb -
   C:\Xilinx\12.4\ISE_DS\EDK\hw\XilinxProcessorIPLib\pcores\plb_v46_v1_05_a\data
   \plb_v46_v2_1_0.mpd line 71 - tool is overriding PARAMETER C_PLBV46_MID_WIDTH
   value to 1
INFO:EDK:1560 - IPNAME:plb_v46 INSTANCE:mb_plb -
   C:\Xilinx\12.4\ISE_DS\EDK\hw\XilinxProcessorIPLib\pcores\plb_v46_v1_05_a\data
   \plb_v46_v2_1_0.mpd line 73 - tool is overriding PARAMETER C_PLBV46_DWIDTH
   value to 32
INFO:EDK:1560 - IPNAME:lmb_v10 INSTANCE:ilmb -
   C:\Xilinx\12.4\ISE_DS\EDK\hw\XilinxProcessorIPLib\pcores\lmb_v10_v1_00_a\data
   \lmb_v10_v2_1_0.mpd line 70 - tool is overriding PARAMETER C_LMB_NUM_SLAVES
   value to 1
INFO:EDK:1560 - IPNAME:lmb_v10 INSTANCE:dlmb -
   C:\Xilinx\12.4\ISE_DS\EDK\hw\XilinxProcessorIPLib\pcores\lmb_v10_v1_00_a\data
   \lmb_v10_v2_1_0.mpd line 70 - tool is overriding PARAMETER C_LMB_NUM_SLAVES
   value to 1
INFO:EDK:1560 - IPNAME:bram_block INSTANCE:lmb_bram -
   C:\Xilinx\12.4\ISE_DS\EDK\hw\XilinxProcessorIPLib\pcores\bram_block_v1_00_a\d
   ata\bram_block_v2_1_0.mpd line 67 - tool is overriding PARAMETER C_MEMSIZE
   value to 0x4000
INFO:EDK:1560 - IPNAME:xps_uartlite INSTANCE:RS232_DTE -
   C:\Xilinx\12.4\ISE_DS\EDK\hw\XilinxProcessorIPLib\pcores\xps_uartlite_v1_01_a
   \data\xps_uartlite_v2_1_0.mpd line 74 - tool is overriding PARAMETER
   C_SPLB_NUM_MASTERS value to 2
INFO:EDK:1560 - IPNAME:xps_uartlite INSTANCE:RS232_DCE -
   C:\Xilinx\12.4\ISE_DS\EDK\hw\XilinxProcessorIPLib\pcores\xps_uartlite_v1_01_a
   \data\xps_uartlite_v2_1_0.mpd line 74 - tool is overriding PARAMETER
   C_SPLB_NUM_MASTERS value to 2
INFO:EDK:1560 - IPNAME:xps_gpio INSTANCE:LEDs_8Bit -
   C:\Xilinx\12.4\ISE_DS\EDK\hw\XilinxProcessorIPLib\pcores\xps_gpio_v2_00_a\dat
   a\xps_gpio_v2_1_0.mpd line 72 - tool is overriding PARAMETER
   C_SPLB_NUM_MASTERS value to 2
INFO:EDK:1560 - IPNAME:xps_gpio INSTANCE:DIP_Switches_4Bit -
   C:\Xilinx\12.4\ISE_DS\EDK\hw\XilinxProcessorIPLib\pcores\xps_gpio_v2_00_a\dat
   a\xps_gpio_v2_1_0.mpd line 72 - tool is overriding PARAMETER
   C_SPLB_NUM_MASTERS value to 2
INFO:EDK:1560 - IPNAME:xps_gpio INSTANCE:Buttons_3Bit -
   C:\Xilinx\12.4\ISE_DS\EDK\hw\XilinxProcessorIPLib\pcores\xps_gpio_v2_00_a\dat
   a\xps_gpio_v2_1_0.mpd line 72 - tool is overriding PARAMETER
   C_SPLB_NUM_MASTERS value to 2
INFO:EDK:1560 - IPNAME:mdm INSTANCE:mdm_0 -
   C:\Xilinx\12.4\ISE_DS\EDK\hw\XilinxProcessorIPLib\pcores\mdm_v2_00_a\data\mdm
   _v2_1_0.mpd line 83 - tool is overriding PARAMETER C_SPLB_MID_WIDTH value to
   1
INFO:EDK:1560 - IPNAME:mdm INSTANCE:mdm_0 -
   C:\Xilinx\12.4\ISE_DS\EDK\hw\XilinxProcessorIPLib\pcores\mdm_v2_00_a\data\mdm
   _v2_1_0.mpd line 84 - tool is overriding PARAMETER C_SPLB_NUM_MASTERS value
   to 2

Checking platform address map ...

Checking platform configuration ...
IPNAME:plb_v46 INSTANCE:mb_plb -
Z:\Trabajo\CUJAE\SPE\SPE-2023\examples\ex_1\system.mhs line 68 - 2 master(s) : 6
slave(s)
IPNAME:lmb_v10 INSTANCE:ilmb -
Z:\Trabajo\CUJAE\SPE\SPE-2023\examples\ex_1\system.mhs line 75 - 1 master(s) : 1
slave(s)
IPNAME:lmb_v10 INSTANCE:dlmb -
Z:\Trabajo\CUJAE\SPE\SPE-2023\examples\ex_1\system.mhs line 82 - 1 master(s) : 1
slave(s)

Checking port drivers...
WARNING:EDK:2098 - PORT:IWAIT CONNECTOR:ilmb_LMB_Wait -
   C:\Xilinx\12.4\ISE_DS\EDK\hw\XilinxProcessorIPLib\pcores\microblaze_v8_00_b\d
   ata\microblaze_v2_1_0.mpd line 386 - No driver found. Port will be driven to
   GND!
WARNING:EDK:2098 - PORT:ICE CONNECTOR:ilmb_LMB_CE -
   C:\Xilinx\12.4\ISE_DS\EDK\hw\XilinxProcessorIPLib\pcores\microblaze_v8_00_b\d
   ata\microblaze_v2_1_0.mpd line 387 - No driver found. Port will be driven to
   GND!
WARNING:EDK:2098 - PORT:IUE CONNECTOR:ilmb_LMB_UE -
   C:\Xilinx\12.4\ISE_DS\EDK\hw\XilinxProcessorIPLib\pcores\microblaze_v8_00_b\d
   ata\microblaze_v2_1_0.mpd line 388 - No driver found. Port will be driven to
   GND!
WARNING:EDK:2098 - PORT:DWAIT CONNECTOR:dlmb_LMB_Wait -
   C:\Xilinx\12.4\ISE_DS\EDK\hw\XilinxProcessorIPLib\pcores\microblaze_v8_00_b\d
   ata\microblaze_v2_1_0.mpd line 424 - No driver found. Port will be driven to
   GND!
WARNING:EDK:2098 - PORT:DCE CONNECTOR:dlmb_LMB_CE -
   C:\Xilinx\12.4\ISE_DS\EDK\hw\XilinxProcessorIPLib\pcores\microblaze_v8_00_b\d
   ata\microblaze_v2_1_0.mpd line 425 - No driver found. Port will be driven to
   GND!
WARNING:EDK:2098 - PORT:DUE CONNECTOR:dlmb_LMB_UE -
   C:\Xilinx\12.4\ISE_DS\EDK\hw\XilinxProcessorIPLib\pcores\microblaze_v8_00_b\d
   ata\microblaze_v2_1_0.mpd line 426 - No driver found. Port will be driven to
   GND!
WARNING:EDK:2098 - PORT:bscan_tdo1 CONNECTOR:bscan_tdo1 -
   C:\Xilinx\12.4\ISE_DS\EDK\hw\XilinxProcessorIPLib\pcores\mdm_v2_00_a\data\mdm
   _v2_1_0.mpd line 230 - No driver found. Port will be driven to GND!
WARNING:EDK:2099 - PORT:bscan_tdi CONNECTOR:bscan_tdi -
   C:\Xilinx\12.4\ISE_DS\EDK\hw\XilinxProcessorIPLib\pcores\mdm_v2_00_a\data\mdm
   _v2_1_0.mpd line 223 - floating connection!
WARNING:EDK:2099 - PORT:bscan_reset CONNECTOR:bscan_reset -
   C:\Xilinx\12.4\ISE_DS\EDK\hw\XilinxProcessorIPLib\pcores\mdm_v2_00_a\data\mdm
   _v2_1_0.mpd line 224 - floating connection!
WARNING:EDK:2099 - PORT:bscan_shift CONNECTOR:bscan_shift -
   C:\Xilinx\12.4\ISE_DS\EDK\hw\XilinxProcessorIPLib\pcores\mdm_v2_00_a\data\mdm
   _v2_1_0.mpd line 225 - floating connection!
WARNING:EDK:2099 - PORT:bscan_update CONNECTOR:bscan_update -
   C:\Xilinx\12.4\ISE_DS\EDK\hw\XilinxProcessorIPLib\pcores\mdm_v2_00_a\data\mdm
   _v2_1_0.mpd line 226 - floating connection!
WARNING:EDK:2099 - PORT:bscan_capture CONNECTOR:bscan_capture -
   C:\Xilinx\12.4\ISE_DS\EDK\hw\XilinxProcessorIPLib\pcores\mdm_v2_00_a\data\mdm
   _v2_1_0.mpd line 227 - floating connection!
WARNING:EDK:2099 - PORT:bscan_sel1 CONNECTOR:bscan_sel1 -
   C:\Xilinx\12.4\ISE_DS\EDK\hw\XilinxProcessorIPLib\pcores\mdm_v2_00_a\data\mdm
   _v2_1_0.mpd line 228 - floating connection!
WARNING:EDK:2099 - PORT:bscan_drck1 CONNECTOR:bscan_drck1 -
   C:\Xilinx\12.4\ISE_DS\EDK\hw\XilinxProcessorIPLib\pcores\mdm_v2_00_a\data\mdm
   _v2_1_0.mpd line 229 - floating connection!

Performing Clock DRCs...

Performing Reset DRCs...

Overriding system level properties...
INFO:EDK:1560 - IPNAME:microblaze INSTANCE:microblaze_0 -
   C:\Xilinx\12.4\ISE_DS\EDK\hw\XilinxProcessorIPLib\pcores\microblaze_v8_00_b\d
   ata\microblaze_v2_1_0.mpd line 217 - tcl is overriding PARAMETER C_D_PLB
   value to 1
INFO:EDK:1560 - IPNAME:microblaze INSTANCE:microblaze_0 -
   C:\Xilinx\12.4\ISE_DS\EDK\hw\XilinxProcessorIPLib\pcores\microblaze_v8_00_b\d
   ata\microblaze_v2_1_0.mpd line 220 - tcl is overriding PARAMETER C_I_PLB
   value to 1
INFO:EDK:1560 - IPNAME:microblaze INSTANCE:microblaze_0 -
   C:\Xilinx\12.4\ISE_DS\EDK\hw\XilinxProcessorIPLib\pcores\microblaze_v8_00_b\d
   ata\microblaze_v2_1_0.mpd line 319 - tcl is overriding PARAMETER
   C_ADDR_TAG_BITS value to 14
INFO:EDK:1560 - IPNAME:microblaze INSTANCE:microblaze_0 -
   C:\Xilinx\12.4\ISE_DS\EDK\hw\XilinxProcessorIPLib\pcores\microblaze_v8_00_b\d
   ata\microblaze_v2_1_0.mpd line 342 - tcl is overriding PARAMETER
   C_DCACHE_ADDR_TAG value to 14
INFO:EDK:1560 - IPNAME:microblaze INSTANCE:microblaze_0 -
   C:\Xilinx\12.4\ISE_DS\EDK\hw\XilinxProcessorIPLib\pcores\microblaze_v8_00_b\d
   ata\microblaze_v2_1_0.mpd line 369 - tcl is overriding PARAMETER
   C_USE_EXT_BRK value to 1
INFO:EDK:1560 - IPNAME:microblaze INSTANCE:microblaze_0 -
   C:\Xilinx\12.4\ISE_DS\EDK\hw\XilinxProcessorIPLib\pcores\microblaze_v8_00_b\d
   ata\microblaze_v2_1_0.mpd line 370 - tcl is overriding PARAMETER
   C_USE_EXT_NM_BRK value to 1
INFO:EDK:1560 - IPNAME:lmb_bram_if_cntlr INSTANCE:dlmb_cntlr -
   C:\Xilinx\12.4\ISE_DS\EDK\hw\XilinxProcessorIPLib\pcores\lmb_bram_if_cntlr_v2
   _10_b\data\lmb_bram_if_cntlr_v2_1_0.mpd line 75 - tcl is overriding PARAMETER
   C_MASK value to 0x04400000
INFO:EDK:1560 - IPNAME:lmb_bram_if_cntlr INSTANCE:ilmb_cntlr -
   C:\Xilinx\12.4\ISE_DS\EDK\hw\XilinxProcessorIPLib\pcores\lmb_bram_if_cntlr_v2
   _10_b\data\lmb_bram_if_cntlr_v2_1_0.mpd line 75 - tcl is overriding PARAMETER
   C_MASK value to 0x04400000
INFO:EDK:1560 - IPNAME:mpmc INSTANCE:DDR_SDRAM -
   C:\Xilinx\12.4\ISE_DS\EDK\hw\XilinxProcessorIPLib\pcores\mpmc_v6_02_a\data\mp
   mc_v2_1_0.mpd line 288 - tcl is overriding PARAMETER C_MEM_CAS_LATENCY value
   to 2
INFO:EDK:1560 - IPNAME:mpmc INSTANCE:DDR_SDRAM -
   C:\Xilinx\12.4\ISE_DS\EDK\hw\XilinxProcessorIPLib\pcores\mpmc_v6_02_a\data\mp
   mc_v2_1_0.mpd line 344 - tcl is overriding PARAMETER C_PIM0_SUBTYPE value to
   IXCL
INFO:EDK:1560 - IPNAME:mpmc INSTANCE:DDR_SDRAM -
   C:\Xilinx\12.4\ISE_DS\EDK\hw\XilinxProcessorIPLib\pcores\mpmc_v6_02_a\data\mp
   mc_v2_1_0.mpd line 349 - tcl is overriding PARAMETER C_PIM0_B_SUBTYPE value
   to DXCL
INFO:EDK:1560 - IPNAME:mpmc INSTANCE:DDR_SDRAM -
   C:\Xilinx\12.4\ISE_DS\EDK\hw\XilinxProcessorIPLib\pcores\mpmc_v6_02_a\data\mp
   mc_v2_1_0.mpd line 757 - tcl is overriding PARAMETER C_TWR value to 15000
INFO:EDK:1560 - IPNAME:mpmc INSTANCE:DDR_SDRAM -
   C:\Xilinx\12.4\ISE_DS\EDK\hw\XilinxProcessorIPLib\pcores\mpmc_v6_02_a\data\mp
   mc_v2_1_0.mpd line 759 - tcl is overriding PARAMETER C_CTRL_IS_WRITE_INDEX
   value to 1
INFO:EDK:1560 - IPNAME:mpmc INSTANCE:DDR_SDRAM -
   C:\Xilinx\12.4\ISE_DS\EDK\hw\XilinxProcessorIPLib\pcores\mpmc_v6_02_a\data\mp
   mc_v2_1_0.mpd line 760 - tcl is overriding PARAMETER C_CTRL_PHYIF_RAS_N_INDEX
   value to 2
INFO:EDK:1560 - IPNAME:mpmc INSTANCE:DDR_SDRAM -
   C:\Xilinx\12.4\ISE_DS\EDK\hw\XilinxProcessorIPLib\pcores\mpmc_v6_02_a\data\mp
   mc_v2_1_0.mpd line 761 - tcl is overriding PARAMETER C_CTRL_PHYIF_CAS_N_INDEX
   value to 3
INFO:EDK:1560 - IPNAME:mpmc INSTANCE:DDR_SDRAM -
   C:\Xilinx\12.4\ISE_DS\EDK\hw\XilinxProcessorIPLib\pcores\mpmc_v6_02_a\data\mp
   mc_v2_1_0.mpd line 762 - tcl is overriding PARAMETER C_CTRL_PHYIF_WE_N_INDEX
   value to 4
INFO:EDK:1560 - IPNAME:mpmc INSTANCE:DDR_SDRAM -
   C:\Xilinx\12.4\ISE_DS\EDK\hw\XilinxProcessorIPLib\pcores\mpmc_v6_02_a\data\mp
   mc_v2_1_0.mpd line 763 - tcl is overriding PARAMETER C_CTRL_RMW_INDEX value
   to 6
INFO:EDK:1560 - IPNAME:mpmc INSTANCE:DDR_SDRAM -
   C:\Xilinx\12.4\ISE_DS\EDK\hw\XilinxProcessorIPLib\pcores\mpmc_v6_02_a\data\mp
   mc_v2_1_0.mpd line 764 - tcl is overriding PARAMETER C_CTRL_SKIP_0_INDEX
   value to 7
INFO:EDK:1560 - IPNAME:mpmc INSTANCE:DDR_SDRAM -
   C:\Xilinx\12.4\ISE_DS\EDK\hw\XilinxProcessorIPLib\pcores\mpmc_v6_02_a\data\mp
   mc_v2_1_0.mpd line 765 - tcl is overriding PARAMETER C_CTRL_PHYIF_DQS_O_INDEX
   value to 8
INFO:EDK:1560 - IPNAME:mpmc INSTANCE:DDR_SDRAM -
   C:\Xilinx\12.4\ISE_DS\EDK\hw\XilinxProcessorIPLib\pcores\mpmc_v6_02_a\data\mp
   mc_v2_1_0.mpd line 766 - tcl is overriding PARAMETER C_CTRL_SKIP_1_INDEX
   value to 9
INFO:EDK:1560 - IPNAME:mpmc INSTANCE:DDR_SDRAM -
   C:\Xilinx\12.4\ISE_DS\EDK\hw\XilinxProcessorIPLib\pcores\mpmc_v6_02_a\data\mp
   mc_v2_1_0.mpd line 767 - tcl is overriding PARAMETER
   C_CTRL_DP_RDFIFO_PUSH_INDEX value to 10
INFO:EDK:1560 - IPNAME:mpmc INSTANCE:DDR_SDRAM -
   C:\Xilinx\12.4\ISE_DS\EDK\hw\XilinxProcessorIPLib\pcores\mpmc_v6_02_a\data\mp
   mc_v2_1_0.mpd line 768 - tcl is overriding PARAMETER C_CTRL_SKIP_2_INDEX
   value to 11
INFO:EDK:1560 - IPNAME:mpmc INSTANCE:DDR_SDRAM -
   C:\Xilinx\12.4\ISE_DS\EDK\hw\XilinxProcessorIPLib\pcores\mpmc_v6_02_a\data\mp
   mc_v2_1_0.mpd line 769 - tcl is overriding PARAMETER
   C_CTRL_AP_COL_CNT_LOAD_INDEX value to 12
INFO:EDK:1560 - IPNAME:mpmc INSTANCE:DDR_SDRAM -
   C:\Xilinx\12.4\ISE_DS\EDK\hw\XilinxProcessorIPLib\pcores\mpmc_v6_02_a\data\mp
   mc_v2_1_0.mpd line 770 - tcl is overriding PARAMETER
   C_CTRL_AP_COL_CNT_ENABLE_INDEX value to 13
INFO:EDK:1560 - IPNAME:mpmc INSTANCE:DDR_SDRAM -
   C:\Xilinx\12.4\ISE_DS\EDK\hw\XilinxProcessorIPLib\pcores\mpmc_v6_02_a\data\mp
   mc_v2_1_0.mpd line 771 - tcl is overriding PARAMETER
   C_CTRL_AP_PRECHARGE_ADDR10_INDEX value to 14
INFO:EDK:1560 - IPNAME:mpmc INSTANCE:DDR_SDRAM -
   C:\Xilinx\12.4\ISE_DS\EDK\hw\XilinxProcessorIPLib\pcores\mpmc_v6_02_a\data\mp
   mc_v2_1_0.mpd line 772 - tcl is overriding PARAMETER
   C_CTRL_AP_ROW_COL_SEL_INDEX value to 15
INFO:EDK:1560 - IPNAME:mpmc INSTANCE:DDR_SDRAM -
   C:\Xilinx\12.4\ISE_DS\EDK\hw\XilinxProcessorIPLib\pcores\mpmc_v6_02_a\data\mp
   mc_v2_1_0.mpd line 773 - tcl is overriding PARAMETER
   C_CTRL_PHYIF_FORCE_DM_INDEX value to 16
INFO:EDK:1560 - IPNAME:mpmc INSTANCE:DDR_SDRAM -
   C:\Xilinx\12.4\ISE_DS\EDK\hw\XilinxProcessorIPLib\pcores\mpmc_v6_02_a\data\mp
   mc_v2_1_0.mpd line 774 - tcl is overriding PARAMETER C_CTRL_REPEAT4_INDEX
   value to 17
INFO:EDK:1560 - IPNAME:mpmc INSTANCE:DDR_SDRAM -
   C:\Xilinx\12.4\ISE_DS\EDK\hw\XilinxProcessorIPLib\pcores\mpmc_v6_02_a\data\mp
   mc_v2_1_0.mpd line 785 - tcl is overriding PARAMETER C_CTRL_ARB_RDMODWR_DELAY
   value to 2
INFO:EDK:1560 - IPNAME:mpmc INSTANCE:DDR_SDRAM -
   C:\Xilinx\12.4\ISE_DS\EDK\hw\XilinxProcessorIPLib\pcores\mpmc_v6_02_a\data\mp
   mc_v2_1_0.mpd line 786 - tcl is overriding PARAMETER C_CTRL_AP_COL_DELAY
   value to 1
INFO:EDK:1560 - IPNAME:mpmc INSTANCE:DDR_SDRAM -
   C:\Xilinx\12.4\ISE_DS\EDK\hw\XilinxProcessorIPLib\pcores\mpmc_v6_02_a\data\mp
   mc_v2_1_0.mpd line 790 - tcl is overriding PARAMETER
   C_CTRL_DP_LOAD_RDWDADDR_DELAY value to 2
INFO:EDK:1560 - IPNAME:mpmc INSTANCE:DDR_SDRAM -
   C:\Xilinx\12.4\ISE_DS\EDK\hw\XilinxProcessorIPLib\pcores\mpmc_v6_02_a\data\mp
   mc_v2_1_0.mpd line 791 - tcl is overriding PARAMETER
   C_CTRL_DP_RDFIFO_WHICHPORT_DELAY value to 12
INFO:EDK:1560 - IPNAME:mpmc INSTANCE:DDR_SDRAM -
   C:\Xilinx\12.4\ISE_DS\EDK\hw\XilinxProcessorIPLib\pcores\mpmc_v6_02_a\data\mp
   mc_v2_1_0.mpd line 792 - tcl is overriding PARAMETER C_CTRL_DP_SIZE_DELAY
   value to 2
INFO:EDK:1560 - IPNAME:mpmc INSTANCE:DDR_SDRAM -
   C:\Xilinx\12.4\ISE_DS\EDK\hw\XilinxProcessorIPLib\pcores\mpmc_v6_02_a\data\mp
   mc_v2_1_0.mpd line 793 - tcl is overriding PARAMETER
   C_CTRL_DP_WRFIFO_WHICHPORT_DELAY value to 3
INFO:EDK:1560 - IPNAME:mpmc INSTANCE:DDR_SDRAM -
   C:\Xilinx\12.4\ISE_DS\EDK\hw\XilinxProcessorIPLib\pcores\mpmc_v6_02_a\data\mp
   mc_v2_1_0.mpd line 794 - tcl is overriding PARAMETER
   C_CTRL_PHYIF_DUMMYREADSTART_DELAY value to 5
INFO:EDK:1560 - IPNAME:mpmc INSTANCE:DDR_SDRAM -
   C:\Xilinx\12.4\ISE_DS\EDK\hw\XilinxProcessorIPLib\pcores\mpmc_v6_02_a\data\mp
   mc_v2_1_0.mpd line 795 - tcl is overriding PARAMETER C_CTRL_Q0_DELAY value to
   1
INFO:EDK:1560 - IPNAME:mpmc INSTANCE:DDR_SDRAM -
   C:\Xilinx\12.4\ISE_DS\EDK\hw\XilinxProcessorIPLib\pcores\mpmc_v6_02_a\data\mp
   mc_v2_1_0.mpd line 796 - tcl is overriding PARAMETER C_CTRL_Q1_DELAY value to
   1
INFO:EDK:1560 - IPNAME:mpmc INSTANCE:DDR_SDRAM -
   C:\Xilinx\12.4\ISE_DS\EDK\hw\XilinxProcessorIPLib\pcores\mpmc_v6_02_a\data\mp
   mc_v2_1_0.mpd line 797 - tcl is overriding PARAMETER C_CTRL_Q2_DELAY value to
   1
INFO:EDK:1560 - IPNAME:mpmc INSTANCE:DDR_SDRAM -
   C:\Xilinx\12.4\ISE_DS\EDK\hw\XilinxProcessorIPLib\pcores\mpmc_v6_02_a\data\mp
   mc_v2_1_0.mpd line 798 - tcl is overriding PARAMETER C_CTRL_Q3_DELAY value to
   1
INFO:EDK:1560 - IPNAME:mpmc INSTANCE:DDR_SDRAM -
   C:\Xilinx\12.4\ISE_DS\EDK\hw\XilinxProcessorIPLib\pcores\mpmc_v6_02_a\data\mp
   mc_v2_1_0.mpd line 799 - tcl is overriding PARAMETER C_CTRL_Q4_DELAY value to
   1
INFO:EDK:1560 - IPNAME:mpmc INSTANCE:DDR_SDRAM -
   C:\Xilinx\12.4\ISE_DS\EDK\hw\XilinxProcessorIPLib\pcores\mpmc_v6_02_a\data\mp
   mc_v2_1_0.mpd line 801 - tcl is overriding PARAMETER C_CTRL_Q6_DELAY value to
   4
INFO:EDK:1560 - IPNAME:mpmc INSTANCE:DDR_SDRAM -
   C:\Xilinx\12.4\ISE_DS\EDK\hw\XilinxProcessorIPLib\pcores\mpmc_v6_02_a\data\mp
   mc_v2_1_0.mpd line 802 - tcl is overriding PARAMETER C_CTRL_Q7_DELAY value to
   1
INFO:EDK:1560 - IPNAME:mpmc INSTANCE:DDR_SDRAM -
   C:\Xilinx\12.4\ISE_DS\EDK\hw\XilinxProcessorIPLib\pcores\mpmc_v6_02_a\data\mp
   mc_v2_1_0.mpd line 804 - tcl is overriding PARAMETER C_CTRL_Q9_DELAY value to
   1
INFO:EDK:1560 - IPNAME:mpmc INSTANCE:DDR_SDRAM -
   C:\Xilinx\12.4\ISE_DS\EDK\hw\XilinxProcessorIPLib\pcores\mpmc_v6_02_a\data\mp
   mc_v2_1_0.mpd line 805 - tcl is overriding PARAMETER C_CTRL_Q10_DELAY value
   to 1
INFO:EDK:1560 - IPNAME:mpmc INSTANCE:DDR_SDRAM -
   C:\Xilinx\12.4\ISE_DS\EDK\hw\XilinxProcessorIPLib\pcores\mpmc_v6_02_a\data\mp
   mc_v2_1_0.mpd line 806 - tcl is overriding PARAMETER C_CTRL_Q11_DELAY value
   to 1
INFO:EDK:1560 - IPNAME:mpmc INSTANCE:DDR_SDRAM -
   C:\Xilinx\12.4\ISE_DS\EDK\hw\XilinxProcessorIPLib\pcores\mpmc_v6_02_a\data\mp
   mc_v2_1_0.mpd line 807 - tcl is overriding PARAMETER C_CTRL_Q12_DELAY value
   to 1
INFO:EDK:1560 - IPNAME:mpmc INSTANCE:DDR_SDRAM -
   C:\Xilinx\12.4\ISE_DS\EDK\hw\XilinxProcessorIPLib\pcores\mpmc_v6_02_a\data\mp
   mc_v2_1_0.mpd line 808 - tcl is overriding PARAMETER C_CTRL_Q13_DELAY value
   to 1
INFO:EDK:1560 - IPNAME:mpmc INSTANCE:DDR_SDRAM -
   C:\Xilinx\12.4\ISE_DS\EDK\hw\XilinxProcessorIPLib\pcores\mpmc_v6_02_a\data\mp
   mc_v2_1_0.mpd line 809 - tcl is overriding PARAMETER C_CTRL_Q14_DELAY value
   to 1
INFO:EDK:1560 - IPNAME:mpmc INSTANCE:DDR_SDRAM -
   C:\Xilinx\12.4\ISE_DS\EDK\hw\XilinxProcessorIPLib\pcores\mpmc_v6_02_a\data\mp
   mc_v2_1_0.mpd line 810 - tcl is overriding PARAMETER C_CTRL_Q15_DELAY value
   to 1
INFO:EDK:1560 - IPNAME:mpmc INSTANCE:DDR_SDRAM -
   C:\Xilinx\12.4\ISE_DS\EDK\hw\XilinxProcessorIPLib\pcores\mpmc_v6_02_a\data\mp
   mc_v2_1_0.mpd line 812 - tcl is overriding PARAMETER C_CTRL_Q17_DELAY value
   to 1
INFO:EDK:1560 - IPNAME:mpmc INSTANCE:DDR_SDRAM -
   C:\Xilinx\12.4\ISE_DS\EDK\hw\XilinxProcessorIPLib\pcores\mpmc_v6_02_a\data\mp
   mc_v2_1_0.mpd line 831 - tcl is overriding PARAMETER C_SKIP_1_VALUE value to
   0x001
INFO:EDK:1560 - IPNAME:mpmc INSTANCE:DDR_SDRAM -
   C:\Xilinx\12.4\ISE_DS\EDK\hw\XilinxProcessorIPLib\pcores\mpmc_v6_02_a\data\mp
   mc_v2_1_0.mpd line 832 - tcl is overriding PARAMETER C_SKIP_2_VALUE value to
   0x001
INFO:EDK:1560 - IPNAME:mpmc INSTANCE:DDR_SDRAM -
   C:\Xilinx\12.4\ISE_DS\EDK\hw\XilinxProcessorIPLib\pcores\mpmc_v6_02_a\data\mp
   mc_v2_1_0.mpd line 833 - tcl is overriding PARAMETER C_SKIP_3_VALUE value to
   0x001
INFO:EDK:1560 - IPNAME:mpmc INSTANCE:DDR_SDRAM -
   C:\Xilinx\12.4\ISE_DS\EDK\hw\XilinxProcessorIPLib\pcores\mpmc_v6_02_a\data\mp
   mc_v2_1_0.mpd line 834 - tcl is overriding PARAMETER C_SKIP_4_VALUE value to
   0x001
INFO:EDK:1560 - IPNAME:mpmc INSTANCE:DDR_SDRAM -
   C:\Xilinx\12.4\ISE_DS\EDK\hw\XilinxProcessorIPLib\pcores\mpmc_v6_02_a\data\mp
   mc_v2_1_0.mpd line 835 - tcl is overriding PARAMETER C_SKIP_5_VALUE value to
   0x001
INFO:EDK:1560 - IPNAME:mpmc INSTANCE:DDR_SDRAM -
   C:\Xilinx\12.4\ISE_DS\EDK\hw\XilinxProcessorIPLib\pcores\mpmc_v6_02_a\data\mp
   mc_v2_1_0.mpd line 836 - tcl is overriding PARAMETER C_SKIP_6_VALUE value to
   0x001
INFO:EDK:1560 - IPNAME:mpmc INSTANCE:DDR_SDRAM -
   C:\Xilinx\12.4\ISE_DS\EDK\hw\XilinxProcessorIPLib\pcores\mpmc_v6_02_a\data\mp
   mc_v2_1_0.mpd line 837 - tcl is overriding PARAMETER C_SKIP_7_VALUE value to
   0x001
INFO:EDK:1560 - IPNAME:mpmc INSTANCE:DDR_SDRAM -
   C:\Xilinx\12.4\ISE_DS\EDK\hw\XilinxProcessorIPLib\pcores\mpmc_v6_02_a\data\mp
   mc_v2_1_0.mpd line 839 - tcl is overriding PARAMETER C_B32_REPEAT_CNT value
   to 6
INFO:EDK:1560 - IPNAME:mpmc INSTANCE:DDR_SDRAM -
   C:\Xilinx\12.4\ISE_DS\EDK\hw\XilinxProcessorIPLib\pcores\mpmc_v6_02_a\data\mp
   mc_v2_1_0.mpd line 840 - tcl is overriding PARAMETER C_B64_REPEAT_CNT value
   to 14
INFO:EDK:1560 - IPNAME:mpmc INSTANCE:DDR_SDRAM -
   C:\Xilinx\12.4\ISE_DS\EDK\hw\XilinxProcessorIPLib\pcores\mpmc_v6_02_a\data\mp
   mc_v2_1_0.mpd line 843 - tcl is overriding PARAMETER C_HIGHADDR_CTRL0 value
   to 0x009
INFO:EDK:1560 - IPNAME:mpmc INSTANCE:DDR_SDRAM -
   C:\Xilinx\12.4\ISE_DS\EDK\hw\XilinxProcessorIPLib\pcores\mpmc_v6_02_a\data\mp
   mc_v2_1_0.mpd line 844 - tcl is overriding PARAMETER C_BASEADDR_CTRL1 value
   to 0x00a
INFO:EDK:1560 - IPNAME:mpmc INSTANCE:DDR_SDRAM -
   C:\Xilinx\12.4\ISE_DS\EDK\hw\XilinxProcessorIPLib\pcores\mpmc_v6_02_a\data\mp
   mc_v2_1_0.mpd line 845 - tcl is overriding PARAMETER C_HIGHADDR_CTRL1 value
   to 0x010
INFO:EDK:1560 - IPNAME:mpmc INSTANCE:DDR_SDRAM -
   C:\Xilinx\12.4\ISE_DS\EDK\hw\XilinxProcessorIPLib\pcores\mpmc_v6_02_a\data\mp
   mc_v2_1_0.mpd line 846 - tcl is overriding PARAMETER C_BASEADDR_CTRL2 value
   to 0x011
INFO:EDK:1560 - IPNAME:mpmc INSTANCE:DDR_SDRAM -
   C:\Xilinx\12.4\ISE_DS\EDK\hw\XilinxProcessorIPLib\pcores\mpmc_v6_02_a\data\mp
   mc_v2_1_0.mpd line 847 - tcl is overriding PARAMETER C_HIGHADDR_CTRL2 value
   to 0x01a
INFO:EDK:1560 - IPNAME:mpmc INSTANCE:DDR_SDRAM -
   C:\Xilinx\12.4\ISE_DS\EDK\hw\XilinxProcessorIPLib\pcores\mpmc_v6_02_a\data\mp
   mc_v2_1_0.mpd line 848 - tcl is overriding PARAMETER C_BASEADDR_CTRL3 value
   to 0x01b
INFO:EDK:1560 - IPNAME:mpmc INSTANCE:DDR_SDRAM -
   C:\Xilinx\12.4\ISE_DS\EDK\hw\XilinxProcessorIPLib\pcores\mpmc_v6_02_a\data\mp
   mc_v2_1_0.mpd line 849 - tcl is overriding PARAMETER C_HIGHADDR_CTRL3 value
   to 0x021
INFO:EDK:1560 - IPNAME:mpmc INSTANCE:DDR_SDRAM -
   C:\Xilinx\12.4\ISE_DS\EDK\hw\XilinxProcessorIPLib\pcores\mpmc_v6_02_a\data\mp
   mc_v2_1_0.mpd line 850 - tcl is overriding PARAMETER C_BASEADDR_CTRL4 value
   to 0x022
INFO:EDK:1560 - IPNAME:mpmc INSTANCE:DDR_SDRAM -
   C:\Xilinx\12.4\ISE_DS\EDK\hw\XilinxProcessorIPLib\pcores\mpmc_v6_02_a\data\mp
   mc_v2_1_0.mpd line 851 - tcl is overriding PARAMETER C_HIGHADDR_CTRL4 value
   to 0x02d
INFO:EDK:1560 - IPNAME:mpmc INSTANCE:DDR_SDRAM -
   C:\Xilinx\12.4\ISE_DS\EDK\hw\XilinxProcessorIPLib\pcores\mpmc_v6_02_a\data\mp
   mc_v2_1_0.mpd line 852 - tcl is overriding PARAMETER C_BASEADDR_CTRL5 value
   to 0x02e
INFO:EDK:1560 - IPNAME:mpmc INSTANCE:DDR_SDRAM -
   C:\Xilinx\12.4\ISE_DS\EDK\hw\XilinxProcessorIPLib\pcores\mpmc_v6_02_a\data\mp
   mc_v2_1_0.mpd line 853 - tcl is overriding PARAMETER C_HIGHADDR_CTRL5 value
   to 0x035
INFO:EDK:1560 - IPNAME:mpmc INSTANCE:DDR_SDRAM -
   C:\Xilinx\12.4\ISE_DS\EDK\hw\XilinxProcessorIPLib\pcores\mpmc_v6_02_a\data\mp
   mc_v2_1_0.mpd line 854 - tcl is overriding PARAMETER C_BASEADDR_CTRL6 value
   to 0x036
INFO:EDK:1560 - IPNAME:mpmc INSTANCE:DDR_SDRAM -
   C:\Xilinx\12.4\ISE_DS\EDK\hw\XilinxProcessorIPLib\pcores\mpmc_v6_02_a\data\mp
   mc_v2_1_0.mpd line 855 - tcl is overriding PARAMETER C_HIGHADDR_CTRL6 value
   to 0x045
INFO:EDK:1560 - IPNAME:mpmc INSTANCE:DDR_SDRAM -
   C:\Xilinx\12.4\ISE_DS\EDK\hw\XilinxProcessorIPLib\pcores\mpmc_v6_02_a\data\mp
   mc_v2_1_0.mpd line 856 - tcl is overriding PARAMETER C_BASEADDR_CTRL7 value
   to 0x046
INFO:EDK:1560 - IPNAME:mpmc INSTANCE:DDR_SDRAM -
   C:\Xilinx\12.4\ISE_DS\EDK\hw\XilinxProcessorIPLib\pcores\mpmc_v6_02_a\data\mp
   mc_v2_1_0.mpd line 857 - tcl is overriding PARAMETER C_HIGHADDR_CTRL7 value
   to 0x051
INFO:EDK:1560 - IPNAME:mpmc INSTANCE:DDR_SDRAM -
   C:\Xilinx\12.4\ISE_DS\EDK\hw\XilinxProcessorIPLib\pcores\mpmc_v6_02_a\data\mp
   mc_v2_1_0.mpd line 858 - tcl is overriding PARAMETER C_BASEADDR_CTRL8 value
   to 0x052
INFO:EDK:1560 - IPNAME:mpmc INSTANCE:DDR_SDRAM -
   C:\Xilinx\12.4\ISE_DS\EDK\hw\XilinxProcessorIPLib\pcores\mpmc_v6_02_a\data\mp
   mc_v2_1_0.mpd line 859 - tcl is overriding PARAMETER C_HIGHADDR_CTRL8 value
   to 0x069
INFO:EDK:1560 - IPNAME:mpmc INSTANCE:DDR_SDRAM -
   C:\Xilinx\12.4\ISE_DS\EDK\hw\XilinxProcessorIPLib\pcores\mpmc_v6_02_a\data\mp
   mc_v2_1_0.mpd line 860 - tcl is overriding PARAMETER C_BASEADDR_CTRL9 value
   to 0x06a
INFO:EDK:1560 - IPNAME:mpmc INSTANCE:DDR_SDRAM -
   C:\Xilinx\12.4\ISE_DS\EDK\hw\XilinxProcessorIPLib\pcores\mpmc_v6_02_a\data\mp
   mc_v2_1_0.mpd line 861 - tcl is overriding PARAMETER C_HIGHADDR_CTRL9 value
   to 0x07d
INFO:EDK:1560 - IPNAME:mpmc INSTANCE:DDR_SDRAM -
   C:\Xilinx\12.4\ISE_DS\EDK\hw\XilinxProcessorIPLib\pcores\mpmc_v6_02_a\data\mp
   mc_v2_1_0.mpd line 862 - tcl is overriding PARAMETER C_BASEADDR_CTRL10 value
   to 0x07e
INFO:EDK:1560 - IPNAME:mpmc INSTANCE:DDR_SDRAM -
   C:\Xilinx\12.4\ISE_DS\EDK\hw\XilinxProcessorIPLib\pcores\mpmc_v6_02_a\data\mp
   mc_v2_1_0.mpd line 863 - tcl is overriding PARAMETER C_HIGHADDR_CTRL10 value
   to 0x08d
INFO:EDK:1560 - IPNAME:mpmc INSTANCE:DDR_SDRAM -
   C:\Xilinx\12.4\ISE_DS\EDK\hw\XilinxProcessorIPLib\pcores\mpmc_v6_02_a\data\mp
   mc_v2_1_0.mpd line 864 - tcl is overriding PARAMETER C_BASEADDR_CTRL11 value
   to 0x08e
INFO:EDK:1560 - IPNAME:mpmc INSTANCE:DDR_SDRAM -
   C:\Xilinx\12.4\ISE_DS\EDK\hw\XilinxProcessorIPLib\pcores\mpmc_v6_02_a\data\mp
   mc_v2_1_0.mpd line 865 - tcl is overriding PARAMETER C_HIGHADDR_CTRL11 value
   to 0x099
INFO:EDK:1560 - IPNAME:mpmc INSTANCE:DDR_SDRAM -
   C:\Xilinx\12.4\ISE_DS\EDK\hw\XilinxProcessorIPLib\pcores\mpmc_v6_02_a\data\mp
   mc_v2_1_0.mpd line 866 - tcl is overriding PARAMETER C_BASEADDR_CTRL12 value
   to 0x09a
INFO:EDK:1560 - IPNAME:mpmc INSTANCE:DDR_SDRAM -
   C:\Xilinx\12.4\ISE_DS\EDK\hw\XilinxProcessorIPLib\pcores\mpmc_v6_02_a\data\mp
   mc_v2_1_0.mpd line 867 - tcl is overriding PARAMETER C_HIGHADDR_CTRL12 value
   to 0x0a9
INFO:EDK:1560 - IPNAME:mpmc INSTANCE:DDR_SDRAM -
   C:\Xilinx\12.4\ISE_DS\EDK\hw\XilinxProcessorIPLib\pcores\mpmc_v6_02_a\data\mp
   mc_v2_1_0.mpd line 868 - tcl is overriding PARAMETER C_BASEADDR_CTRL13 value
   to 0x0aa
INFO:EDK:1560 - IPNAME:mpmc INSTANCE:DDR_SDRAM -
   C:\Xilinx\12.4\ISE_DS\EDK\hw\XilinxProcessorIPLib\pcores\mpmc_v6_02_a\data\mp
   mc_v2_1_0.mpd line 869 - tcl is overriding PARAMETER C_HIGHADDR_CTRL13 value
   to 0x0b5
INFO:EDK:1560 - IPNAME:mpmc INSTANCE:DDR_SDRAM -
   C:\Xilinx\12.4\ISE_DS\EDK\hw\XilinxProcessorIPLib\pcores\mpmc_v6_02_a\data\mp
   mc_v2_1_0.mpd line 870 - tcl is overriding PARAMETER C_BASEADDR_CTRL14 value
   to 0x0b6
INFO:EDK:1560 - IPNAME:mpmc INSTANCE:DDR_SDRAM -
   C:\Xilinx\12.4\ISE_DS\EDK\hw\XilinxProcessorIPLib\pcores\mpmc_v6_02_a\data\mp
   mc_v2_1_0.mpd line 871 - tcl is overriding PARAMETER C_HIGHADDR_CTRL14 value
   to 0x0bf
INFO:EDK:1560 - IPNAME:mpmc INSTANCE:DDR_SDRAM -
   C:\Xilinx\12.4\ISE_DS\EDK\hw\XilinxProcessorIPLib\pcores\mpmc_v6_02_a\data\mp
   mc_v2_1_0.mpd line 872 - tcl is overriding PARAMETER C_BASEADDR_CTRL15 value
   to 0x0c0
INFO:EDK:1560 - IPNAME:mpmc INSTANCE:DDR_SDRAM -
   C:\Xilinx\12.4\ISE_DS\EDK\hw\XilinxProcessorIPLib\pcores\mpmc_v6_02_a\data\mp
   mc_v2_1_0.mpd line 873 - tcl is overriding PARAMETER C_HIGHADDR_CTRL15 value
   to 0x0c1
INFO:EDK:1560 - IPNAME:mpmc INSTANCE:DDR_SDRAM -
   C:\Xilinx\12.4\ISE_DS\EDK\hw\XilinxProcessorIPLib\pcores\mpmc_v6_02_a\data\mp
   mc_v2_1_0.mpd line 914 - tcl is overriding PARAMETER C_CTRL_BRAM_INIT_19
   value to 0x000002FC000002FC000002FC000002FC000002FC000002FC000002FC000002FC
INFO:EDK:1560 - IPNAME:mpmc INSTANCE:DDR_SDRAM -
   C:\Xilinx\12.4\ISE_DS\EDK\hw\XilinxProcessorIPLib\pcores\mpmc_v6_02_a\data\mp
   mc_v2_1_0.mpd line 915 - tcl is overriding PARAMETER C_CTRL_BRAM_INIT_18
   value to 0x000002FC000002FC000002FC000002FC000002FC000002FC0000001C0000001C
INFO:EDK:1560 - IPNAME:mpmc INSTANCE:DDR_SDRAM -
   C:\Xilinx\12.4\ISE_DS\EDK\hw\XilinxProcessorIPLib\pcores\mpmc_v6_02_a\data\mp
   mc_v2_1_0.mpd line 916 - tcl is overriding PARAMETER C_CTRL_BRAM_INIT_17
   value to 0x0000001C0000001C0000001C0000001C0000001C0000001D0000001C00000010
INFO:EDK:1560 - IPNAME:mpmc INSTANCE:DDR_SDRAM -
   C:\Xilinx\12.4\ISE_DS\EDK\hw\XilinxProcessorIPLib\pcores\mpmc_v6_02_a\data\mp
   mc_v2_1_0.mpd line 917 - tcl is overriding PARAMETER C_CTRL_BRAM_INIT_16
   value to 0x0000001C000040080000001C000040080000001C000024140000041C00002415
INFO:EDK:1560 - IPNAME:mpmc INSTANCE:DDR_SDRAM -
   C:\Xilinx\12.4\ISE_DS\EDK\hw\XilinxProcessorIPLib\pcores\mpmc_v6_02_a\data\mp
   mc_v2_1_0.mpd line 918 - tcl is overriding PARAMETER C_CTRL_BRAM_INIT_15
   value to 0x0000041C000024140002041C000024140000141C000080180000001E0000001E
INFO:EDK:1560 - IPNAME:mpmc INSTANCE:DDR_SDRAM -
   C:\Xilinx\12.4\ISE_DS\EDK\hw\XilinxProcessorIPLib\pcores\mpmc_v6_02_a\data\mp
   mc_v2_1_0.mpd line 919 - tcl is overriding PARAMETER C_CTRL_BRAM_INIT_14
   value to 0x0000400A0000001E0000001E0000201F0000001E000021060000011E00002106
INFO:EDK:1560 - IPNAME:mpmc INSTANCE:DDR_SDRAM -
   C:\Xilinx\12.4\ISE_DS\EDK\hw\XilinxProcessorIPLib\pcores\mpmc_v6_02_a\data\mp
   mc_v2_1_0.mpd line 920 - tcl is overriding PARAMETER C_CTRL_BRAM_INIT_13
   value to 0x0000011E000021060002011E000021060000111E0000801A0000001C00004008
INFO:EDK:1560 - IPNAME:mpmc INSTANCE:DDR_SDRAM -
   C:\Xilinx\12.4\ISE_DS\EDK\hw\XilinxProcessorIPLib\pcores\mpmc_v6_02_a\data\mp
   mc_v2_1_0.mpd line 921 - tcl is overriding PARAMETER C_CTRL_BRAM_INIT_12
   value to 0x0000001C000024140000041C000024150000041C000024140002041C00002414
INFO:EDK:1560 - IPNAME:mpmc INSTANCE:DDR_SDRAM -
   C:\Xilinx\12.4\ISE_DS\EDK\hw\XilinxProcessorIPLib\pcores\mpmc_v6_02_a\data\mp
   mc_v2_1_0.mpd line 922 - tcl is overriding PARAMETER C_CTRL_BRAM_INIT_11
   value to 0x0000141C000080180000001E0000001E0000400A0000001E0000001E0000201F
INFO:EDK:1560 - IPNAME:mpmc INSTANCE:DDR_SDRAM -
   C:\Xilinx\12.4\ISE_DS\EDK\hw\XilinxProcessorIPLib\pcores\mpmc_v6_02_a\data\mp
   mc_v2_1_0.mpd line 923 - tcl is overriding PARAMETER C_CTRL_BRAM_INIT_10
   value to 0x0000001E000021060000011E000021060000011E000021060002011E00002106
INFO:EDK:1560 - IPNAME:mpmc INSTANCE:DDR_SDRAM -
   C:\Xilinx\12.4\ISE_DS\EDK\hw\XilinxProcessorIPLib\pcores\mpmc_v6_02_a\data\mp
   mc_v2_1_0.mpd line 924 - tcl is overriding PARAMETER C_CTRL_BRAM_INIT_0F
   value to 0x0000111E0000801A0000001C000040080000001C000024140000041C00002415
INFO:EDK:1560 - IPNAME:mpmc INSTANCE:DDR_SDRAM -
   C:\Xilinx\12.4\ISE_DS\EDK\hw\XilinxProcessorIPLib\pcores\mpmc_v6_02_a\data\mp
   mc_v2_1_0.mpd line 925 - tcl is overriding PARAMETER C_CTRL_BRAM_INIT_0E
   value to 0x0000041C000024140000041C000024140000041C000024140000041C00002414
INFO:EDK:1560 - IPNAME:mpmc INSTANCE:DDR_SDRAM -
   C:\Xilinx\12.4\ISE_DS\EDK\hw\XilinxProcessorIPLib\pcores\mpmc_v6_02_a\data\mp
   mc_v2_1_0.mpd line 926 - tcl is overriding PARAMETER C_CTRL_BRAM_INIT_0D
   value to 0x0000041C000024140000041C000024140000141C000080180000001E0000001E
INFO:EDK:1560 - IPNAME:mpmc INSTANCE:DDR_SDRAM -
   C:\Xilinx\12.4\ISE_DS\EDK\hw\XilinxProcessorIPLib\pcores\mpmc_v6_02_a\data\mp
   mc_v2_1_0.mpd line 927 - tcl is overriding PARAMETER C_CTRL_BRAM_INIT_0C
   value to 0x0000400A0000001E0000001E0000201F0000001E000021060000011E00002106
INFO:EDK:1560 - IPNAME:mpmc INSTANCE:DDR_SDRAM -
   C:\Xilinx\12.4\ISE_DS\EDK\hw\XilinxProcessorIPLib\pcores\mpmc_v6_02_a\data\mp
   mc_v2_1_0.mpd line 928 - tcl is overriding PARAMETER C_CTRL_BRAM_INIT_0B
   value to 0x0000011E000021060000011E000021060000011E000021060000011E00002106
INFO:EDK:1560 - IPNAME:mpmc INSTANCE:DDR_SDRAM -
   C:\Xilinx\12.4\ISE_DS\EDK\hw\XilinxProcessorIPLib\pcores\mpmc_v6_02_a\data\mp
   mc_v2_1_0.mpd line 929 - tcl is overriding PARAMETER C_CTRL_BRAM_INIT_0A
   value to 0x0000011E000021060000011E000021060000111E0000801A0000001C00004008
INFO:EDK:1560 - IPNAME:mpmc INSTANCE:DDR_SDRAM -
   C:\Xilinx\12.4\ISE_DS\EDK\hw\XilinxProcessorIPLib\pcores\mpmc_v6_02_a\data\mp
   mc_v2_1_0.mpd line 930 - tcl is overriding PARAMETER C_CTRL_BRAM_INIT_09
   value to 0x0000001C000024140000041C000024150000041C000024140000041C00002414
INFO:EDK:1560 - IPNAME:mpmc INSTANCE:DDR_SDRAM -
   C:\Xilinx\12.4\ISE_DS\EDK\hw\XilinxProcessorIPLib\pcores\mpmc_v6_02_a\data\mp
   mc_v2_1_0.mpd line 931 - tcl is overriding PARAMETER C_CTRL_BRAM_INIT_08
   value to 0x0000141C000080180000001E0000001E0000400A0000001E0000001E0000201F
INFO:EDK:1560 - IPNAME:mpmc INSTANCE:DDR_SDRAM -
   C:\Xilinx\12.4\ISE_DS\EDK\hw\XilinxProcessorIPLib\pcores\mpmc_v6_02_a\data\mp
   mc_v2_1_0.mpd line 932 - tcl is overriding PARAMETER C_CTRL_BRAM_INIT_07
   value to 0x0000001E000021060000011E000021060000011E000021060000011E00002106
INFO:EDK:1560 - IPNAME:mpmc INSTANCE:DDR_SDRAM -
   C:\Xilinx\12.4\ISE_DS\EDK\hw\XilinxProcessorIPLib\pcores\mpmc_v6_02_a\data\mp
   mc_v2_1_0.mpd line 933 - tcl is overriding PARAMETER C_CTRL_BRAM_INIT_06
   value to 0x0000111E0000801A0000001C000040080000001C000024140000041C00002415
INFO:EDK:1560 - IPNAME:mpmc INSTANCE:DDR_SDRAM -
   C:\Xilinx\12.4\ISE_DS\EDK\hw\XilinxProcessorIPLib\pcores\mpmc_v6_02_a\data\mp
   mc_v2_1_0.mpd line 934 - tcl is overriding PARAMETER C_CTRL_BRAM_INIT_05
   value to 0x0000141C000080180000001E0000001E0000400A0000001E0000001E0000201F
INFO:EDK:1560 - IPNAME:mpmc INSTANCE:DDR_SDRAM -
   C:\Xilinx\12.4\ISE_DS\EDK\hw\XilinxProcessorIPLib\pcores\mpmc_v6_02_a\data\mp
   mc_v2_1_0.mpd line 935 - tcl is overriding PARAMETER C_CTRL_BRAM_INIT_04
   value to 0x0000001E000021060000011E000021060000111E0000801A0000001C00004008
INFO:EDK:1560 - IPNAME:mpmc INSTANCE:DDR_SDRAM -
   C:\Xilinx\12.4\ISE_DS\EDK\hw\XilinxProcessorIPLib\pcores\mpmc_v6_02_a\data\mp
   mc_v2_1_0.mpd line 936 - tcl is overriding PARAMETER C_CTRL_BRAM_INIT_03
   value to 0x0000001C0000001C000024140000141D000080180000001E0000001E0000400A
INFO:EDK:1560 - IPNAME:mpmc INSTANCE:DDR_SDRAM -
   C:\Xilinx\12.4\ISE_DS\EDK\hw\XilinxProcessorIPLib\pcores\mpmc_v6_02_a\data\mp
   mc_v2_1_0.mpd line 937 - tcl is overriding PARAMETER C_CTRL_BRAM_INIT_02
   value to 0x0000001E0000001E0000201F0000001E000021060000111E0000801A0000001C
INFO:EDK:1560 - IPNAME:mpmc INSTANCE:DDR_SDRAM -
   C:\Xilinx\12.4\ISE_DS\EDK\hw\XilinxProcessorIPLib\pcores\mpmc_v6_02_a\data\mp
   mc_v2_1_0.mpd line 938 - tcl is overriding PARAMETER C_CTRL_BRAM_INIT_01
   value to 0x000040080000001C0000001C000020140000141D000080180000001E0000001E
INFO:EDK:1560 - IPNAME:mpmc INSTANCE:DDR_SDRAM -
   C:\Xilinx\12.4\ISE_DS\EDK\hw\XilinxProcessorIPLib\pcores\mpmc_v6_02_a\data\mp
   mc_v2_1_0.mpd line 939 - tcl is overriding PARAMETER C_CTRL_BRAM_INIT_00
   value to 0x0000400A0000001E0000001E0000001F0000001E000021060001111E0000801A
INFO:EDK:1560 - IPNAME:mpmc INSTANCE:DDR_SDRAM -
   C:\Xilinx\12.4\ISE_DS\EDK\hw\XilinxProcessorIPLib\pcores\mpmc_v6_02_a\data\mp
   mc_v2_1_0.mpd line 945 - tcl is overriding PARAMETER C_CTRL_BRAM_INITP_03
   value to 0x0000000000000000000000000000000000000000000000000000000000000000
INFO:EDK:1560 - IPNAME:mpmc INSTANCE:DDR_SDRAM -
   C:\Xilinx\12.4\ISE_DS\EDK\hw\XilinxProcessorIPLib\pcores\mpmc_v6_02_a\data\mp
   mc_v2_1_0.mpd line 946 - tcl is overriding PARAMETER C_CTRL_BRAM_INITP_02
   value to 0x0000000000000000000000000000000000000000000000000000000000000000
INFO:EDK:1560 - IPNAME:mpmc INSTANCE:DDR_SDRAM -
   C:\Xilinx\12.4\ISE_DS\EDK\hw\XilinxProcessorIPLib\pcores\mpmc_v6_02_a\data\mp
   mc_v2_1_0.mpd line 947 - tcl is overriding PARAMETER C_CTRL_BRAM_INITP_01
   value to 0x0000000000000000000000000000000000000000000000000000000000000000
INFO:EDK:1560 - IPNAME:mpmc INSTANCE:DDR_SDRAM -
   C:\Xilinx\12.4\ISE_DS\EDK\hw\XilinxProcessorIPLib\pcores\mpmc_v6_02_a\data\mp
   mc_v2_1_0.mpd line 948 - tcl is overriding PARAMETER C_CTRL_BRAM_INITP_00
   value to 0x0000000000000000000000000000000000000000000000000000000000000000

Running system level update procedures...

Running UPDATE Tcl procedures for OPTION SYSLEVEL_UPDATE_PROC...

Running system level DRCs...

Performing System level DRCs on properties...

Running DRC Tcl procedures for OPTION SYSLEVEL_DRC_PROC...

Running UPDATE Tcl procedures for OPTION PLATGEN_SYSLEVEL_UPDATE_PROC...
INFO: The microblaze_0 core has constraints automatically generated by XPS in
implementation/microblaze_0_wrapper/microblaze_0_wrapper.ucf.
It can be overridden by constraints placed in the system.ucf file.

INFO: The ilmb core has constraints automatically generated by XPS in
implementation/ilmb_wrapper/ilmb_wrapper.ucf.
It can be overridden by constraints placed in the system.ucf file.

INFO: The dlmb core has constraints automatically generated by XPS in
implementation/dlmb_wrapper/dlmb_wrapper.ucf.
It can be overridden by constraints placed in the system.ucf file.

INFO: The DDR_SDRAM core has constraints automatically generated by XPS in
implementation/ddr_sdram_wrapper/ddr_sdram_wrapper.ucf.
It can be overridden by constraints placed in the system.ucf file.


Modify defaults ...

Creating stub ...

Processing licensed instances ...
Completion time: 0.00 seconds

Creating hardware output directories ...

Managing hardware (BBD-specified) netlist files ...

Managing cache ...

Elaborating instances ...
IPNAME:bram_block INSTANCE:lmb_bram -
Z:\Trabajo\CUJAE\SPE\SPE-2023\examples\ex_1\system.mhs line 107 - elaborating IP
IPNAME:clock_generator INSTANCE:clock_generator_0 -
Z:\Trabajo\CUJAE\SPE\SPE-2023\examples\ex_1\system.mhs line 214 - elaborating IP
ClkGen elaborate status: PASSED
----------------------------------------

Writing HDL for elaborated instances ...

Inserting wrapper level ...
Completion time: 1.00 seconds

Constructing platform-level connectivity ...
Completion time: 0.00 seconds

Writing (top-level) BMM ...

Writing (top-level and wrappers) HDL ...

Generating synthesis project file ...

Running XST synthesis ...

INFO:EDK:2502 - The following instances are synthesized with XST. The MPD option
   IMP_NETLIST=TRUE indicates that a NGC file is to be produced using XST
   synthesis. IMP_NETLIST=FALSE (default) instances are not synthesized. 
INSTANCE:microblaze_0 - Z:\Trabajo\CUJAE\SPE\SPE-2023\examples\ex_1\system.mhs
line 42 - Running XST synthesis
INSTANCE:mb_plb - Z:\Trabajo\CUJAE\SPE\SPE-2023\examples\ex_1\system.mhs line 68
- Running XST synthesis
INSTANCE:ilmb - Z:\Trabajo\CUJAE\SPE\SPE-2023\examples\ex_1\system.mhs line 75 -
Running XST synthesis
INSTANCE:dlmb - Z:\Trabajo\CUJAE\SPE\SPE-2023\examples\ex_1\system.mhs line 82 -
Running XST synthesis
INSTANCE:dlmb_cntlr - Z:\Trabajo\CUJAE\SPE\SPE-2023\examples\ex_1\system.mhs
line 89 - Running XST synthesis
INSTANCE:ilmb_cntlr - Z:\Trabajo\CUJAE\SPE\SPE-2023\examples\ex_1\system.mhs
line 98 - Running XST synthesis
INSTANCE:lmb_bram - Z:\Trabajo\CUJAE\SPE\SPE-2023\examples\ex_1\system.mhs line
107 - Running XST synthesis
INSTANCE:rs232_dte - Z:\Trabajo\CUJAE\SPE\SPE-2023\examples\ex_1\system.mhs line
114 - Running XST synthesis
INSTANCE:rs232_dce - Z:\Trabajo\CUJAE\SPE\SPE-2023\examples\ex_1\system.mhs line
128 - Running XST synthesis
INSTANCE:leds_8bit - Z:\Trabajo\CUJAE\SPE\SPE-2023\examples\ex_1\system.mhs line
142 - Running XST synthesis
INSTANCE:dip_switches_4bit -
Z:\Trabajo\CUJAE\SPE\SPE-2023\examples\ex_1\system.mhs line 155 - Running XST
synthesis
INSTANCE:buttons_3bit - Z:\Trabajo\CUJAE\SPE\SPE-2023\examples\ex_1\system.mhs
line 168 - Running XST synthesis
INSTANCE:ddr_sdram - Z:\Trabajo\CUJAE\SPE\SPE-2023\examples\ex_1\system.mhs line
181 - Running XST synthesis
INSTANCE:clock_generator_0 -
Z:\Trabajo\CUJAE\SPE\SPE-2023\examples\ex_1\system.mhs line 214 - Running XST
synthesis
INSTANCE:mdm_0 - Z:\Trabajo\CUJAE\SPE\SPE-2023\examples\ex_1\system.mhs line 239
- Running XST synthesis
INSTANCE:proc_sys_reset_0 -
Z:\Trabajo\CUJAE\SPE\SPE-2023\examples\ex_1\system.mhs line 251 - Running XST
synthesis
INSTANCE:fit_timer_0 - Z:\Trabajo\CUJAE\SPE\SPE-2023\examples\ex_1\system.mhs
line 264 - Running XST synthesis

Running NGCBUILD ...
IPNAME:microblaze_0_wrapper INSTANCE:microblaze_0 -
Z:\Trabajo\CUJAE\SPE\SPE-2023\examples\ex_1\system.mhs line 42 - Running
NGCBUILD
IPNAME:ilmb_wrapper INSTANCE:ilmb -
Z:\Trabajo\CUJAE\SPE\SPE-2023\examples\ex_1\system.mhs line 75 - Running
NGCBUILD
IPNAME:dlmb_wrapper INSTANCE:dlmb -
Z:\Trabajo\CUJAE\SPE\SPE-2023\examples\ex_1\system.mhs line 82 - Running
NGCBUILD
IPNAME:rs232_dte_wrapper INSTANCE:rs232_dte -
Z:\Trabajo\CUJAE\SPE\SPE-2023\examples\ex_1\system.mhs line 114 - Running
NGCBUILD
IPNAME:rs232_dce_wrapper INSTANCE:rs232_dce -
Z:\Trabajo\CUJAE\SPE\SPE-2023\examples\ex_1\system.mhs line 128 - Running
NGCBUILD
IPNAME:ddr_sdram_wrapper INSTANCE:ddr_sdram -
Z:\Trabajo\CUJAE\SPE\SPE-2023\examples\ex_1\system.mhs line 181 - Running
NGCBUILD
IPNAME:clock_generator_0_wrapper INSTANCE:clock_generator_0 -
Z:\Trabajo\CUJAE\SPE\SPE-2023\examples\ex_1\system.mhs line 214 - Running
NGCBUILD

Rebuilding cache ...

Total run time: 478.00 seconds
